<?xml version="1.0" encoding="UTF-8"?>
<!-- Generated by org.testng.reporters.JUnitReportReporter -->
<testsuite hostname="LTIN251710" failures="0" tests="1" name="testCase.TestCase2" time="20.993" errors="0" timestamp="2024-02-28T17:29:04 IST" skipped="0">
  <testcase classname="testCase.TestCase2" name="submenu_printcheck" time="20.993"/>
</testsuite> <!-- testCase.TestCase2 -->
