<?xml version="1.0" encoding="UTF-8"?>
<!-- Generated by org.testng.reporters.JUnitReportReporter -->
<testsuite hostname="LTIN251710" failures="0" tests="2" name="testCase.TestCase3" time="19.994" errors="0" timestamp="2024-02-28T17:29:04 IST" skipped="0">
  <testcase classname="testCase.TestCase3" name="choose_giftcard_validate" time="18.522"/>
  <testcase classname="testCase.TestCase3" name="checkout_validation" time="1.472"/>
</testsuite> <!-- testCase.TestCase3 -->
