<?xml version="1.0" encoding="UTF-8"?>
<!-- Generated by org.testng.reporters.JUnitReportReporter -->
<testsuite hostname="LTIN251710" failures="0" tests="5" name="testCase.TestCase" time="27.536" errors="0" timestamp="2024-02-28T17:29:04 IST" skipped="0">
  <testcase classname="testCase.TestCase" name="search_functionality" time="10.507"/>
  <testcase classname="testCase.TestCase" name="filter_functionality" time="5.153"/>
  <testcase classname="testCase.TestCase" name="check_sortfuction" time="1.806"/>
  <testcase classname="testCase.TestCase" name="check_and_print" time="1.934"/>
  <testcase classname="testCase.TestCase" name="submenu_printcheck" time="8.136"/>
</testsuite> <!-- testCase.TestCase -->
